<?xml version="1.0" encoding="UTF-8"?>
<testng-results skipped="0" failed="0" total="1" passed="1">
  <reporter-output>
  </reporter-output>
  <suite name="Default suite" duration-ms="21958" started-at="2019-12-05T00:48:15Z" finished-at="2019-12-05T00:48:37Z">
    <groups>
    </groups>
    <test name="Default test" duration-ms="21958" started-at="2019-12-05T00:48:15Z" finished-at="2019-12-05T00:48:37Z">
      <class name="Bank_Queries.Test_Login">
        <test-method status="PASS" signature="setup()[pri:0, instance:Bank_Queries.Test_Login@340fab]" name="setup" is-config="true" duration-ms="15668" started-at="2019-12-04T19:48:15Z" finished-at="2019-12-04T19:48:31Z">
          <reporter-output>
          </reporter-output>
        </test-method> <!-- setup -->
        <test-method status="PASS" signature="Login()[pri:0, instance:Bank_Queries.Test_Login@340fab]" name="Login" duration-ms="5657" started-at="2019-12-04T19:48:31Z" finished-at="2019-12-04T19:48:36Z">
          <reporter-output>
          </reporter-output>
        </test-method> <!-- Login -->
        <test-method status="PASS" signature="TearDown()[pri:0, instance:Bank_Queries.Test_Login@340fab]" name="TearDown" is-config="true" duration-ms="620" started-at="2019-12-04T19:48:36Z" finished-at="2019-12-04T19:48:37Z">
          <reporter-output>
          </reporter-output>
        </test-method> <!-- TearDown -->
      </class> <!-- Bank_Queries.Test_Login -->
    </test> <!-- Default test -->
  </suite> <!-- Default suite -->
</testng-results>
